<?xml version="1.0" encoding="UTF-8"?>
<testsuite name="RPGCharacterTest" tests="3" skipped="0" failures="0" errors="0" timestamp="2023-11-23T15:57:52" hostname="MacBook120.local" time="0.016">
  <properties/>
  <testcase name="character should start alive()" classname="RPGCharacterTest" time="0.013"/>
  <testcase name="character should start with level 1()" classname="RPGCharacterTest" time="0.002"/>
  <testcase name="character should start with 1000 health()" classname="RPGCharacterTest" time="0.001"/>
  <system-out><![CDATA[]]></system-out>
  <system-err><![CDATA[]]></system-err>
</testsuite>
